<?xml version="1.0" encoding="UTF-8" standalone="yes"?>
<scan>
  <packages>
    <package>org.apache.openejb.config.scanning.bean</package>
  </packages>
</scan>
